[debug] [2023-10-14T11:18:20.047Z] ----------------------------------------------------------------------
[debug] [2023-10-14T11:18:20.049Z] Command:       C:\Program Files\nodejs\node.exe C:\Users\admin\AppData\Roaming\npm\node_modules\firebase-tools\lib\bin\firebase.js init hosting
[debug] [2023-10-14T11:18:20.049Z] CLI Version:   12.7.0
[debug] [2023-10-14T11:18:20.049Z] Platform:      win32
[debug] [2023-10-14T11:18:20.049Z] Node Version:  v18.18.2
[debug] [2023-10-14T11:18:20.050Z] Time:          Sat Oct 14 2023 18:18:20 GMT+0700 (Indochina Time)
[debug] [2023-10-14T11:18:20.050Z] ----------------------------------------------------------------------
[debug] 
[debug] [2023-10-14T11:18:20.056Z] > command requires scopes: ["email","openid","https://www.googleapis.com/auth/cloudplatformprojects.readonly","https://www.googleapis.com/auth/firebase","https://www.googleapis.com/auth/cloud-platform"]
[debug] [2023-10-14T11:18:20.056Z] > authorizing via signed-in user (thanhkthp2710@gmail.com)
[info] 
     ######## #### ########  ######## ########     ###     ######  ########
     ##        ##  ##     ## ##       ##     ##  ##   ##  ##       ##
     ######    ##  ########  ######   ########  #########  ######  ######
     ##        ##  ##    ##  ##       ##     ## ##     ##       ## ##
     ##       #### ##     ## ######## ########  ##     ##  ######  ########

You're about to initialize a Firebase project in this directory:

  D:\Tư tưởng hcm

[info] 
=== Project Setup
[info] 
[info] First, let's associate this project directory with a Firebase project.
[info] You can create multiple project aliases by running firebase use --add, 
[info] but for now we'll just set up a default project.
[info] 
[info] i  If you want to create a project in a Google Cloud organization or folder, please use "firebase projects:create" instead, and return to this command when you've created the project. 
